<?xml version="1.0" encoding="UTF-8"?>
<testng-results ignored="0" total="1" passed="1" failed="0" skipped="0">
  <reporter-output>
  </reporter-output>
  <suite started-at="2024-10-23T02:18:06 IST" name="Default suite" finished-at="2024-10-23T02:18:09 IST" duration-ms="3566">
    <groups>
    </groups>
    <test started-at="2024-10-23T02:18:06 IST" name="Default test" finished-at="2024-10-23T02:18:09 IST" duration-ms="3566">
      <class name="Day1.DynamicJson">
        <test-method signature="addbook()[pri:0, instance:Day1.DynamicJson@dd8ba08]" started-at="2024-10-23T02:18:06 IST" name="addbook" finished-at="2024-10-23T02:18:09 IST" duration-ms="3489" status="PASS">
          <reporter-output>
          </reporter-output>
        </test-method> <!-- addbook -->
      </class> <!-- Day1.DynamicJson -->
    </test> <!-- Default test -->
  </suite> <!-- Default suite -->
</testng-results>
